14:22:16.588 [main] INFO  - ************Entering amount as 1000***********
14:22:32.191 [main] INFO  - ************Opening gift card page************
14:23:08.888 [main] INFO  - ************Choosing occasion as Anniversary/Birthday************
14:23:09.101 [main] INFO  - ************Entering amount as 1000***********
14:23:24.476 [main] INFO  - ************Opening gift card page************
14:24:20.361 [main] INFO  - ************Choosing occasion as Anniversary/Birthday************
14:24:20.549 [main] INFO  - ************Entering amount as 1000***********
14:24:42.312 [main] INFO  - ************Opening gift card page************
14:25:19.969 [main] INFO  - ************Choosing occasion as Anniversary/Birthday************
14:25:20.232 [main] INFO  - ************Entering amount as 1000***********
14:25:20.852 [main] INFO  - ************Filling the details in the form***********
14:25:27.993 [main] INFO  - ************Submitting the form************
14:25:28.835 [main] INFO  - ************Printing the Confirmation Message************
14:25:50.782 [main] INFO  - ************Opening gift card page************
14:26:50.465 [main] INFO  - ************Choosing occasion as Anniversary/Birthday************
14:26:50.681 [main] INFO  - ************Entering amount as 1000***********
14:26:51.240 [main] INFO  - ************Filling the details in the form***********
14:26:58.281 [main] INFO  - ************Submitting the form************
14:26:58.968 [main] INFO  - ************Printing the Confirmation Message************
14:27:13.040 [main] INFO  - ************Opening gift card page************
14:28:10.495 [main] INFO  - ************Choosing occasion as Anniversary/Birthday************
14:28:10.769 [main] INFO  - ************Entering amount as 1000***********
14:28:11.434 [main] INFO  - ************Filling the details in the form***********
14:28:18.533 [main] INFO  - ************Submitting the form************
14:28:18.629 [main] INFO  - ************Printing the Confirmation Message************
14:28:35.963 [main] INFO  - ************Opening gift card page************
14:29:16.351 [main] INFO  - ************Choosing occasion as Anniversary/Birthday************
14:29:16.592 [main] INFO  - ************Entering amount as 1000***********
14:29:17.233 [main] INFO  - ************Filling the details in the form***********
14:29:24.347 [main] INFO  - ************Submitting the form************
14:29:24.802 [main] INFO  - ************Printing the Confirmation Message************
20:54:10.302 [main] INFO  - --------------Clicking the living menu--------------
20:54:12.617 [main] INFO  - --------------The list of sub-menu available under the living option--------------
20:54:12.627 [main] INFO  - --------------Option-1--------------
20:54:14.833 [main] INFO  - --------------Option-2--------------
20:54:14.908 [main] INFO  - --------------Option-3--------------
21:06:19.671 [main] INFO  - --------------The home page of the website--------------
21:06:19.740 [main] INFO  - --------------Clicking the gift card option--------------
21:06:26.994 [main] INFO  - --------------Choosing Birthday/Anniversary as occasion--------------
21:06:27.233 [main] INFO  - --------------Entering the amount in the amount text--------------
21:06:27.574 [main] INFO  - -------------Checking the button is enabled or not--------------
21:06:42.617 [main] INFO  - --------------The home page of the website--------------
21:06:42.624 [main] INFO  - --------------Clicking the gift card option--------------
21:06:49.479 [main] INFO  - --------------Choosing Birthday/Anniversary as occasion--------------
21:06:49.671 [main] INFO  - --------------Entering the amount in the amount text--------------
21:06:50.014 [main] INFO  - -------------Checking the button is enabled or not--------------
21:07:32.355 [main] INFO  - --------------The home page of the website--------------
21:07:32.362 [main] INFO  - --------------Clicking the gift card option--------------
21:07:37.839 [main] INFO  - --------------Choosing Birthday/Anniversary as occasion--------------
21:07:38.048 [main] INFO  - --------------Entering the amount in the amount text--------------
21:07:38.581 [main] INFO  - -------------Checking the button is enabled or not--------------
21:52:36.129 [main] INFO  - ************Opening gift card page************
22:32:43.821 [main] INFO  - ************Starts searching with empty string************
22:33:16.123 [main] INFO  - ************No result found for empty string************
22:33:39.470 [main] INFO  - ************Starts searching************
22:33:53.428 [main] INFO  - ************Choosing category as Bookshelves************
22:33:59.291 [main] INFO  - ************Choosing price range below 15000************
22:34:10.921 [main] INFO  - ************Excluding out of stock************
22:34:12.254 [main] INFO  - ************sorting as high to low************
22:34:19.355 [main] INFO  - ************TOP 3 Bookshelves************
22:34:46.672 [main] INFO  - ************Sub menu 1************
22:34:49.562 [main] INFO  - ************Sub menu 2************
22:34:49.655 [main] INFO  - ************Sub menu 3************
22:40:21.154 [main] INFO  - ************Starts searching with empty string************
22:40:53.005 [main] INFO  - ************No result found for empty string************
22:41:25.356 [main] INFO  - ************Starts searching************
22:41:32.518 [main] INFO  - ************Choosing category as Bookshelves************
22:41:38.346 [main] INFO  - ************Choosing price range below 15000************
22:41:49.642 [main] INFO  - ************Excluding out of stock************
22:41:50.955 [main] INFO  - ************sorting as high to low************
22:41:58.233 [main] INFO  - ************TOP 3 Bookshelves************
22:42:36.020 [main] INFO  - ************Sub menu 1************
22:42:38.768 [main] INFO  - ************Sub menu 2************
22:42:38.875 [main] INFO  - ************Sub menu 3************
22:43:48.480 [main] INFO  - ************Opening gift card page************
22:44:11.917 [main] INFO  - ************Choosing occasion as Anniversary/Birthday************
22:44:12.307 [main] INFO  - ************Entering amount as 1000***********
22:44:37.493 [main] INFO  - ************Opening gift card page************
22:44:54.895 [main] INFO  - ************Choosing occasion as Anniversary/Birthday************
22:44:55.327 [main] INFO  - ************Entering amount as 1000***********
22:45:38.358 [main] INFO  - ************Opening gift card page************
22:45:52.978 [main] INFO  - ************Choosing occasion as Anniversary/Birthday************
22:45:53.501 [main] INFO  - ************Entering amount as 1000***********
22:46:21.594 [main] INFO  - ************Opening gift card page************
22:46:43.821 [main] INFO  - ************Choosing occasion as Anniversary/Birthday************
22:46:44.197 [main] INFO  - ************Entering amount as 1000***********
22:46:44.961 [main] INFO  - ************Filling the details in the form***********
22:46:52.689 [main] INFO  - ************Submitting the form************
22:46:53.641 [main] INFO  - ************Printing the Confirmation Message************
22:47:33.262 [main] INFO  - ************Opening gift card page************
22:47:48.555 [main] INFO  - ************Choosing occasion as Anniversary/Birthday************
22:47:48.883 [main] INFO  - ************Entering amount as 1000***********
22:47:49.627 [main] INFO  - ************Filling the details in the form***********
22:47:57.312 [main] INFO  - ************Submitting the form************
22:47:58.054 [main] INFO  - ************Printing the Confirmation Message************
23:03:09.996 [main] INFO  - ************Starts searching with empty string************
23:03:42.083 [main] INFO  - ************No result found for empty string************
23:03:59.144 [main] INFO  - ************Starts searching************
23:04:06.798 [main] INFO  - ************Choosing category as Bookshelves************
23:04:12.450 [main] INFO  - ************Choosing price range below 15000************
23:04:23.676 [main] INFO  - ************Excluding out of stock************
23:04:24.841 [main] INFO  - ************sorting as high to low************
23:04:31.598 [main] INFO  - ************TOP 3 Bookshelves************
23:04:49.515 [main] INFO  - ************Sub menu 1************
23:04:51.954 [main] INFO  - ************Sub menu 2************
23:04:51.999 [main] INFO  - ************Sub menu 3************
23:05:27.203 [main] INFO  - ************Opening gift card page************
23:05:33.511 [main] INFO  - ************Choosing occasion as Anniversary/Birthday************
23:05:33.704 [main] INFO  - ************Entering amount as 1000***********
23:05:47.684 [main] INFO  - ************Opening gift card page************
23:05:56.427 [main] INFO  - ************Choosing occasion as Anniversary/Birthday************
23:05:56.577 [main] INFO  - ************Entering amount as 1000***********
23:06:11.033 [main] INFO  - ************Opening gift card page************
23:06:18.609 [main] INFO  - ************Choosing occasion as Anniversary/Birthday************
23:06:18.768 [main] INFO  - ************Entering amount as 1000***********
23:06:39.069 [main] INFO  - ************Opening gift card page************
23:06:49.965 [main] INFO  - ************Choosing occasion as Anniversary/Birthday************
23:06:50.148 [main] INFO  - ************Entering amount as 1000***********
23:06:50.602 [main] INFO  - ************Filling the details in the form***********
23:06:57.153 [main] INFO  - ************Submitting the form************
23:06:57.625 [main] INFO  - ************Printing the Confirmation Message************
23:07:15.394 [main] INFO  - ************Opening gift card page************
23:07:24.018 [main] INFO  - ************Choosing occasion as Anniversary/Birthday************
23:07:24.236 [main] INFO  - ************Entering amount as 1000***********
23:07:24.864 [main] INFO  - ************Filling the details in the form***********
23:07:31.988 [main] INFO  - ************Submitting the form************
23:07:32.569 [main] INFO  - ************Printing the Confirmation Message************
23:08:01.732 [main] INFO  - ************Opening gift card page************
23:08:09.378 [main] INFO  - ************Choosing occasion as Anniversary/Birthday************
23:08:09.559 [main] INFO  - ************Entering amount as 1000***********
23:08:10.039 [main] INFO  - ************Filling the details in the form***********
23:08:16.605 [main] INFO  - ************Submitting the form************
23:08:16.699 [main] INFO  - ************Printing the Confirmation Message************
23:08:30.897 [main] INFO  - ************Opening gift card page************
23:08:37.490 [main] INFO  - ************Choosing occasion as Anniversary/Birthday************
23:08:37.935 [main] INFO  - ************Entering amount as 1000***********
23:08:38.379 [main] INFO  - ************Filling the details in the form***********
23:08:45.105 [main] INFO  - ************Submitting the form************
23:08:45.410 [main] INFO  - ************Printing the Confirmation Message************
23:13:10.138 [main] INFO  - --------------The home page of the website--------------
23:13:10.263 [main] INFO  - --------------Clicking the gift card option--------------
23:13:18.298 [main] INFO  - --------------Choosing Birthday/Anniversary as occasion--------------
23:13:18.556 [main] INFO  - --------------Entering the amount in the amount text--------------
23:13:18.861 [main] INFO  - -------------Checking the button is enabled or not--------------
23:13:47.771 [main] INFO  - --------------The home page of the website--------------
23:13:47.811 [main] INFO  - --------------Clicking the gift card option--------------
23:13:53.537 [main] INFO  - --------------Choosing Birthday/Anniversary as occasion--------------
23:13:53.715 [main] INFO  - --------------Entering the amount in the amount text--------------
23:13:54.053 [main] INFO  - -------------Checking the button is enabled or not--------------
23:25:04.480 [main] INFO  - --------------The home page of the website--------------
23:25:04.582 [main] INFO  - --------------Goto to search box-->Search for Bookshelves..-------------- 
23:25:07.181 [main] INFO  - --------------Navigating to the result page--------------
23:25:09.901 [main] INFO  - --------------Choosing category as Bookshelves--------------
23:25:15.556 [main] INFO  - --------------Choosing the price range as 608-9222--------------
23:25:26.462 [main] INFO  - --------------Excluding out of stock--------------
23:25:27.701 [main] INFO  - --------------Sorting the product as High to low--------------
23:25:34.442 [main] INFO  - --------------The top three bookshelve's name and price--------------
23:25:50.440 [main] INFO  - --------------Title of the page--------------
23:25:50.464 [main] INFO  - --------------Clicking the living menu--------------
23:25:52.861 [main] INFO  - --------------The list of sub-menu available under the living option--------------
23:25:52.865 [main] INFO  - --------------Option-1--------------
23:25:55.111 [main] INFO  - --------------Option-2--------------
23:25:55.172 [main] INFO  - --------------Option-3--------------
23:28:29.811 [main] INFO  - --------------The home page of the website--------------
23:28:29.829 [main] INFO  - --------------Clicking the gift card option--------------
23:28:54.056 [main] INFO  - --------------Choosing Birthday/Anniversary as occasion--------------
23:28:54.262 [main] INFO  - --------------Entering the amount in the amount text--------------
23:28:54.566 [main] INFO  - -------------Checking the button is enabled or not--------------
23:30:07.696 [main] INFO  - --------------The home page of the website--------------
23:30:07.722 [main] INFO  - --------------Clicking the gift card option--------------
23:31:23.354 [main] INFO  - --------------The home page of the website--------------
23:31:23.438 [main] INFO  - --------------Clicking the gift card option--------------
23:31:35.286 [main] INFO  - --------------Choosing Birthday/Anniversary as occasion--------------
23:31:35.472 [main] INFO  - --------------Entering the amount in the amount text--------------
23:31:35.909 [main] INFO  - -------------Checking the button is enabled or not--------------
23:31:56.605 [main] INFO  - --------------Home page--------------
23:31:56.612 [main] INFO  - --------------Clicking the gift card option--------------
23:32:14.846 [main] INFO  - --------------Navigated to the gift card page--------------
23:32:14.850 [main] INFO  - --------------Choosing Birthday/Anniversary as Occasion--------------
23:32:15.015 [main] INFO  - --------------Entering the amount as 1000--------------
23:32:15.516 [main] INFO  - --------------The heading of the form--------------
23:32:15.518 [main] INFO  - --------------Filling the form from the test data available in the excel sheet--------------
23:32:24.433 [main] INFO  - --------------The Message after submitting the form--------------
23:33:05.306 [main] INFO  - --------------Home page--------------
23:33:05.309 [main] INFO  - --------------Clicking the gift card option--------------
23:34:08.093 [main] INFO  - --------------Home page--------------
23:34:08.102 [main] INFO  - --------------Clicking the gift card option--------------
23:34:19.722 [main] INFO  - --------------Navigated to the gift card page--------------
23:34:19.724 [main] INFO  - --------------Choosing Birthday/Anniversary as Occasion--------------
23:34:19.909 [main] INFO  - --------------Entering the amount as 1000--------------
23:34:20.336 [main] INFO  - --------------The heading of the form--------------
23:34:20.339 [main] INFO  - --------------Filling the form from the test data available in the excel sheet--------------
23:34:27.056 [main] INFO  - --------------The Message after submitting the form--------------
23:35:07.275 [main] INFO  - --------------Home page--------------
23:35:07.283 [main] INFO  - --------------Clicking the gift card option--------------
08:57:04.932 [main] INFO  - --------------The home page of the website--------------
08:57:30.375 [main] INFO  - --------------The home page of the website--------------
08:57:43.359 [main] INFO  - --------------The home page of the website--------------
08:57:54.128 [main] INFO  - --------------The home page of the website--------------
08:58:03.468 [main] INFO  - --------------Home page--------------
08:58:03.472 [main] INFO  - --------------Clicking the gift card option--------------
08:58:43.718 [main] INFO  - --------------Home page--------------
08:58:43.725 [main] INFO  - --------------Clicking the gift card option--------------
09:00:08.272 [main] INFO  - --------------The home page of the website--------------
09:00:08.480 [main] INFO  - --------------Goto to search box-->Search for Bookshelves..-------------- 
09:00:11.559 [main] INFO  - --------------Navigating to the result page--------------
09:00:15.132 [main] INFO  - --------------Choosing category as Bookshelves--------------
09:00:20.869 [main] INFO  - --------------Choosing the price range as 608-9222--------------
09:00:31.924 [main] INFO  - --------------Excluding out of stock--------------
09:00:33.272 [main] INFO  - --------------Sorting the product as High to low--------------
09:00:40.183 [main] INFO  - --------------The top three bookshelve's name and price--------------
09:00:54.932 [main] INFO  - --------------Title of the page--------------
09:00:54.956 [main] INFO  - --------------Clicking the living menu--------------
09:00:57.555 [main] INFO  - --------------The list of sub-menu available under the living option--------------
09:00:57.564 [main] INFO  - --------------Option-1--------------
09:00:59.832 [main] INFO  - --------------Option-2--------------
09:00:59.900 [main] INFO  - --------------Option-3--------------
09:01:17.721 [main] INFO  - --------------The home page of the website--------------
09:01:18.463 [main] INFO  - --------------Clicking the gift card option--------------
09:01:29.637 [main] INFO  - --------------Choosing Birthday/Anniversary as occasion--------------
09:01:30.051 [main] INFO  - --------------Entering the amount in the amount text--------------
09:01:30.742 [main] INFO  - -------------Checking the button is enabled or not--------------
09:01:54.655 [main] INFO  - --------------The home page of the website--------------
09:01:55.002 [main] INFO  - --------------Clicking the gift card option--------------
09:02:15.884 [main] INFO  - --------------Choosing Birthday/Anniversary as occasion--------------
09:02:16.255 [main] INFO  - --------------Entering the amount in the amount text--------------
09:02:16.937 [main] INFO  - -------------Checking the button is enabled or not--------------
09:02:43.485 [main] INFO  - --------------The home page of the website--------------
09:02:43.591 [main] INFO  - --------------Clicking the gift card option--------------
09:02:51.423 [main] INFO  - --------------Choosing Birthday/Anniversary as occasion--------------
09:02:51.762 [main] INFO  - --------------Entering the amount in the amount text--------------
09:02:52.461 [main] INFO  - -------------Checking the button is enabled or not--------------
09:03:06.293 [main] INFO  - --------------Home page--------------
09:03:06.308 [main] INFO  - --------------Clicking the gift card option--------------
09:03:46.938 [main] INFO  - --------------Navigated to the gift card page--------------
09:03:46.947 [main] INFO  - --------------Choosing Birthday/Anniversary as Occasion--------------
09:03:47.167 [main] INFO  - --------------Entering the amount as 1000--------------
09:03:47.841 [main] INFO  - --------------The heading of the form--------------
09:03:47.847 [main] INFO  - --------------Filling the form from the test data available in the excel sheet--------------
09:03:59.259 [main] INFO  - --------------The Message after submitting the form--------------
09:04:12.138 [main] INFO  - --------------Home page--------------
09:04:12.143 [main] INFO  - --------------Clicking the gift card option--------------
09:04:17.256 [main] INFO  - --------------Navigated to the gift card page--------------
09:04:17.261 [main] INFO  - --------------Choosing Birthday/Anniversary as Occasion--------------
09:04:17.554 [main] INFO  - --------------Entering the amount as 1000--------------
09:04:18.156 [main] INFO  - --------------The heading of the form--------------
09:04:18.163 [main] INFO  - --------------Filling the form from the test data available in the excel sheet--------------
09:04:25.383 [main] INFO  - --------------The Message after submitting the form--------------
09:04:38.473 [main] INFO  - --------------Home page--------------
09:04:38.478 [main] INFO  - --------------Clicking the gift card option--------------
09:04:43.088 [main] INFO  - --------------Navigated to the gift card page--------------
09:04:43.102 [main] INFO  - --------------Choosing Birthday/Anniversary as Occasion--------------
09:04:43.355 [main] INFO  - --------------Entering the amount as 1000--------------
09:04:44.030 [main] INFO  - --------------The heading of the form--------------
09:04:44.033 [main] INFO  - --------------Filling the form from the test data available in the excel sheet--------------
09:04:51.109 [main] INFO  - --------------The Message after submitting the form--------------
09:05:03.821 [main] INFO  - --------------Home page--------------
09:05:03.826 [main] INFO  - --------------Clicking the gift card option--------------
09:05:08.149 [main] INFO  - --------------Navigated to the gift card page--------------
09:05:08.153 [main] INFO  - --------------Choosing Birthday/Anniversary as Occasion--------------
09:05:08.340 [main] INFO  - --------------Entering the amount as 1000--------------
09:05:08.890 [main] INFO  - --------------The heading of the form--------------
09:05:08.892 [main] INFO  - --------------Filling the form from the test data available in the excel sheet--------------
09:05:16.117 [main] INFO  - --------------The Message after submitting the form--------------
09:40:18.966 [main] INFO  - ************Starts searching with empty string************
09:41:05.926 [main] INFO  - ************No result found for empty string************
09:41:06.547 [main] INFO  - ************Starts searching************
09:41:12.749 [main] INFO  - ************Choosing category as Bookshelves************
09:41:18.437 [main] INFO  - ************Choosing price range below 15000************
09:41:29.362 [main] INFO  - ************Excluding out of stock************
09:41:30.554 [main] INFO  - ************sorting as high to low************
09:41:37.175 [main] INFO  - ************TOP 3 Bookshelves************
09:41:37.744 [main] INFO  - ************Sub menu 1************
09:41:40.007 [main] INFO  - ************Sub menu 2************
09:41:40.052 [main] INFO  - ************Sub menu 3************
09:41:58.141 [main] INFO  - ************Opening gift card page************
09:42:28.833 [main] INFO  - ************Opening gift card page************
09:42:59.709 [main] INFO  - ************Opening gift card page************
09:43:32.434 [main] INFO  - ************Opening gift card page************
09:44:03.047 [main] INFO  - ************Opening gift card page************
09:44:33.730 [main] INFO  - ************Opening gift card page************
09:45:04.343 [main] INFO  - ************Opening gift card page************
09:54:52.031 [main] INFO  - ************Choosing occasion as Anniversary/Birthday************
09:54:52.398 [main] INFO  - ************Entering amount as 1000***********
09:54:56.975 [main] INFO  - ************Choosing occasion as Anniversary/Birthday************
09:54:57.142 [main] INFO  - ************Entering amount as 1000***********
09:54:57.793 [main] INFO  - ************Choosing occasion as Anniversary/Birthday************
09:54:57.894 [main] INFO  - ************Entering amount as 1000***********
09:58:26.535 [main] INFO  - ************Choosing occasion as Anniversary/Birthday************
09:58:26.813 [main] INFO  - ************Entering amount as 1000***********
09:58:32.225 [main] INFO  - ************Choosing occasion as Anniversary/Birthday************
09:58:32.418 [main] INFO  - ************Entering amount as 1000***********
09:58:35.018 [main] INFO  - ************Choosing occasion as Anniversary/Birthday************
09:58:35.323 [main] INFO  - ************Entering amount as 1000***********
10:03:31.254 [main] INFO  - ************Choosing occasion as Anniversary/Birthday************
10:03:31.635 [main] INFO  - ************Entering amount as 1000***********
10:03:39.572 [main] INFO  - ************Choosing occasion as Anniversary/Birthday************
10:03:39.948 [main] INFO  - ************Entering amount as 1000***********
10:03:47.138 [main] INFO  - ************Choosing occasion as Anniversary/Birthday************
10:03:47.359 [main] INFO  - ************Entering amount as 1000***********
10:07:18.916 [main] INFO  - ************Opening gift card page************
10:07:31.007 [main] INFO  - ************Choosing occasion as Anniversary/Birthday************
10:07:31.356 [main] INFO  - ************Entering amount as 1000***********
10:07:32.116 [main] INFO  - ************Filling the details in the form***********
10:07:39.735 [main] INFO  - ************Submitting the form************
10:07:40.330 [main] INFO  - ************Printing the Confirmation Message************
10:07:45.435 [main] INFO  - ************Opening gift card page************
10:08:15.807 [main] INFO  - ************Opening gift card page************
10:08:45.882 [main] INFO  - ************Opening gift card page************
10:12:52.636 [main] INFO  - ************Choosing occasion as Anniversary/Birthday************
10:12:53.004 [main] INFO  - ************Entering amount as 1000***********
10:13:02.014 [main] INFO  - ************Choosing occasion as Anniversary/Birthday************
10:13:02.279 [main] INFO  - ************Entering amount as 1000***********
10:13:07.114 [main] INFO  - ************Choosing occasion as Anniversary/Birthday************
10:13:07.335 [main] INFO  - ************Entering amount as 1000***********
10:13:11.364 [main] INFO  - ************Filling the details in the form***********
10:13:20.017 [main] INFO  - ************Submitting the form************
10:13:20.446 [main] INFO  - ************Printing the Confirmation Message************
10:13:26.829 [main] INFO  - ************Filling the details in the form***********
10:16:03.369 [main] INFO  - ************Choosing occasion as Anniversary/Birthday************
10:16:03.713 [main] INFO  - ************Entering amount as 1000***********
10:16:08.990 [main] INFO  - ************Choosing occasion as Anniversary/Birthday************
10:16:09.235 [main] INFO  - ************Entering amount as 1000***********
10:16:11.940 [main] INFO  - ************Choosing occasion as Anniversary/Birthday************
10:16:12.153 [main] INFO  - ************Entering amount as 1000***********
10:16:17.727 [main] INFO  - ************Choosing occasion as Anniversary/Birthday************
10:16:17.992 [main] INFO  - ************Entering amount as 1000***********
10:16:18.811 [main] INFO  - ************Filling the details in the form***********
10:16:26.453 [main] INFO  - ************Submitting the form************
10:17:23.243 [main] INFO  - ************Choosing occasion as Anniversary/Birthday************
10:17:23.474 [main] INFO  - ************Entering amount as 1000***********
10:17:24.155 [main] INFO  - ************Filling the details in the form***********
10:17:31.188 [main] INFO  - ************Submitting the form************
10:17:31.529 [main] INFO  - ************Printing the Confirmation Message************
10:17:34.624 [main] INFO  - ************Choosing occasion as Anniversary/Birthday************
10:17:34.884 [main] INFO  - ************Entering amount as 1000***********
10:17:35.610 [main] INFO  - ************Filling the details in the form***********
10:17:42.787 [main] INFO  - ************Submitting the form************
10:17:42.875 [main] INFO  - ************Printing the Confirmation Message************
10:17:45.157 [main] INFO  - ************Choosing occasion as Anniversary/Birthday************
10:17:45.390 [main] INFO  - ************Entering amount as 1000***********
10:17:46.071 [main] INFO  - ************Filling the details in the form***********
10:17:53.117 [main] INFO  - ************Submitting the form************
10:17:53.531 [main] INFO  - ************Printing the Confirmation Message************
10:20:14.295 [main] INFO  - ************Choosing occasion as Anniversary/Birthday************
10:20:14.602 [main] INFO  - ************Entering amount as 1000***********
10:20:21.460 [main] INFO  - ************Choosing occasion as Anniversary/Birthday************
10:20:21.652 [main] INFO  - ************Entering amount as 1000***********
10:20:27.008 [main] INFO  - ************Choosing occasion as Anniversary/Birthday************
10:20:27.250 [main] INFO  - ************Entering amount as 1000***********
10:20:33.512 [main] INFO  - ************Choosing occasion as Anniversary/Birthday************
10:20:33.781 [main] INFO  - ************Entering amount as 1000***********
10:20:34.449 [main] INFO  - ************Filling the details in the form***********
10:20:41.580 [main] INFO  - ************Submitting the form************
10:20:41.910 [main] INFO  - ************Printing the Confirmation Message************
10:20:45.590 [main] INFO  - ************Choosing occasion as Anniversary/Birthday************
10:20:45.880 [main] INFO  - ************Entering amount as 1000***********
10:20:46.496 [main] INFO  - ************Filling the details in the form***********
10:20:53.314 [main] INFO  - ************Submitting the form************
10:20:53.743 [main] INFO  - ************Printing the Confirmation Message************
10:21:15.908 [main] INFO  - ************Choosing occasion as Anniversary/Birthday************
10:21:16.164 [main] INFO  - ************Entering amount as 1000***********
10:21:16.757 [main] INFO  - ************Filling the details in the form***********
10:21:23.880 [main] INFO  - ************Submitting the form************
10:21:24.011 [main] INFO  - ************Printing the Confirmation Message************
10:21:27.924 [main] INFO  - ************Choosing occasion as Anniversary/Birthday************
10:21:28.099 [main] INFO  - ************Entering amount as 1000***********
10:21:28.726 [main] INFO  - ************Filling the details in the form***********
10:21:35.683 [main] INFO  - ************Submitting the form************
10:21:36.071 [main] INFO  - ************Printing the Confirmation Message************
10:32:56.133 [main] INFO  - ************Starts searching with empty string************
10:33:26.828 [main] INFO  - ************No result found for empty string************
10:33:27.632 [main] INFO  - ************Starts searching************
10:33:33.908 [main] INFO  - ************Choosing category as Bookshelves************
10:33:39.929 [main] INFO  - ************Choosing price range below 15000************
10:33:51.574 [main] INFO  - ************Excluding out of stock************
10:33:52.862 [main] INFO  - ************sorting as high to low************
10:33:59.799 [main] INFO  - ************TOP 3 Bookshelves************
10:34:00.424 [main] INFO  - ************Sub menu 1************
10:34:02.731 [main] INFO  - ************Sub menu 2************
10:34:02.801 [main] INFO  - ************Sub menu 3************
10:34:19.692 [main] INFO  - ************Choosing occasion as Anniversary/Birthday************
10:34:19.954 [main] INFO  - ************Entering amount as 1000***********
10:34:25.214 [main] INFO  - ************Choosing occasion as Anniversary/Birthday************
10:34:25.364 [main] INFO  - ************Entering amount as 1000***********
10:34:29.622 [main] INFO  - ************Choosing occasion as Anniversary/Birthday************
10:34:29.879 [main] INFO  - ************Entering amount as 1000***********
10:34:37.661 [main] INFO  - ************Choosing occasion as Anniversary/Birthday************
10:34:37.883 [main] INFO  - ************Entering amount as 1000***********
10:34:38.594 [main] INFO  - ************Filling the details in the form***********
10:34:46.600 [main] INFO  - ************Submitting the form************
10:35:42.515 [main] INFO  - ************Choosing occasion as Anniversary/Birthday************
10:35:42.807 [main] INFO  - ************Entering amount as 1000***********
10:35:43.431 [main] INFO  - ************Filling the details in the form***********
10:35:50.441 [main] INFO  - ************Submitting the form************
10:35:50.849 [main] INFO  - ************Printing the Confirmation Message************
10:35:56.963 [main] INFO  - ************Choosing occasion as Anniversary/Birthday************
10:35:57.247 [main] INFO  - ************Entering amount as 1000***********
10:35:57.856 [main] INFO  - ************Filling the details in the form***********
10:36:04.951 [main] INFO  - ************Submitting the form************
10:36:05.057 [main] INFO  - ************Printing the Confirmation Message************
10:36:07.915 [main] INFO  - ************Choosing occasion as Anniversary/Birthday************
10:36:08.147 [main] INFO  - ************Entering amount as 1000***********
10:36:08.741 [main] INFO  - ************Filling the details in the form***********
10:36:15.876 [main] INFO  - ************Submitting the form************
10:36:16.341 [main] INFO  - ************Printing the Confirmation Message************
10:37:49.432 [main] INFO  - ************Starts searching with empty string************
10:38:20.275 [main] INFO  - ************No result found for empty string************
10:38:20.830 [main] INFO  - ************Starts searching************
10:38:26.779 [main] INFO  - ************Choosing category as Bookshelves************
10:38:32.728 [main] INFO  - ************Choosing price range below 15000************
10:38:44.953 [main] INFO  - ************Excluding out of stock************
10:38:46.912 [main] INFO  - ************sorting as high to low************
10:38:54.430 [main] INFO  - ************TOP 3 Bookshelves************
10:38:55.203 [main] INFO  - ************Sub menu 1************
10:38:57.659 [main] INFO  - ************Sub menu 2************
10:38:58.211 [main] INFO  - ************Sub menu 3************
10:39:10.333 [main] INFO  - ************Choosing occasion as Anniversary/Birthday************
10:39:10.629 [main] INFO  - ************Entering amount as 1000***********
10:39:16.361 [main] INFO  - ************Choosing occasion as Anniversary/Birthday************
10:39:16.559 [main] INFO  - ************Entering amount as 1000***********
10:39:20.653 [main] INFO  - ************Choosing occasion as Anniversary/Birthday************
10:39:20.788 [main] INFO  - ************Entering amount as 1000***********
10:39:27.698 [main] INFO  - ************Choosing occasion as Anniversary/Birthday************
10:39:27.964 [main] INFO  - ************Entering amount as 1000***********
10:39:28.639 [main] INFO  - ************Filling the details in the form***********
10:39:35.826 [main] INFO  - ************Submitting the form************
10:39:36.153 [main] INFO  - ************Printing the Confirmation Message************
10:39:39.826 [main] INFO  - ************Choosing occasion as Anniversary/Birthday************
10:39:40.025 [main] INFO  - ************Entering amount as 1000***********
10:39:40.525 [main] INFO  - ************Filling the details in the form***********
10:39:47.655 [main] INFO  - ************Submitting the form************
10:39:47.962 [main] INFO  - ************Printing the Confirmation Message************
10:39:52.254 [main] INFO  - ************Choosing occasion as Anniversary/Birthday************
10:39:52.538 [main] INFO  - ************Entering amount as 1000***********
10:39:53.133 [main] INFO  - ************Filling the details in the form***********
10:40:00.670 [main] INFO  - ************Submitting the form************
10:40:00.764 [main] INFO  - ************Printing the Confirmation Message************
10:40:24.670 [main] INFO  - ************Choosing occasion as Anniversary/Birthday************
10:40:24.896 [main] INFO  - ************Entering amount as 1000***********
10:40:25.587 [main] INFO  - ************Filling the details in the form***********
10:40:33.000 [main] INFO  - ************Submitting the form************
10:40:33.416 [main] INFO  - ************Printing the Confirmation Message************
10:43:14.377 [main] INFO  - ************Starts searching with empty string************
10:43:45.173 [main] INFO  - ************No result found for empty string************
10:43:45.816 [main] INFO  - ************Starts searching************
10:43:53.772 [main] INFO  - ************Choosing category as Bookshelves************
10:44:00.050 [main] INFO  - ************Choosing price range below 15000************
10:44:11.056 [main] INFO  - ************Sub menu 1************
10:44:13.403 [main] INFO  - ************Sub menu 2************
10:44:13.483 [main] INFO  - ************Sub menu 3************
10:44:40.308 [main] INFO  - ************Choosing occasion as Anniversary/Birthday************
10:44:40.634 [main] INFO  - ************Entering amount as 1000***********
10:44:45.099 [main] INFO  - ************Choosing occasion as Anniversary/Birthday************
10:44:45.324 [main] INFO  - ************Entering amount as 1000***********
10:44:49.203 [main] INFO  - ************Choosing occasion as Anniversary/Birthday************
10:44:49.383 [main] INFO  - ************Entering amount as 1000***********
10:44:56.986 [main] INFO  - ************Choosing occasion as Anniversary/Birthday************
10:44:57.198 [main] INFO  - ************Entering amount as 1000***********
10:44:57.840 [main] INFO  - ************Filling the details in the form***********
10:45:05.235 [main] INFO  - ************Submitting the form************
10:45:05.742 [main] INFO  - ************Printing the Confirmation Message************
10:45:09.770 [main] INFO  - ************Choosing occasion as Anniversary/Birthday************
10:45:10.110 [main] INFO  - ************Entering amount as 1000***********
10:45:10.820 [main] INFO  - ************Filling the details in the form***********
10:45:18.211 [main] INFO  - ************Submitting the form************
10:45:18.478 [main] INFO  - ************Printing the Confirmation Message************
10:45:21.077 [main] INFO  - ************Choosing occasion as Anniversary/Birthday************
10:45:21.335 [main] INFO  - ************Entering amount as 1000***********
10:45:22.013 [main] INFO  - ************Filling the details in the form***********
10:45:29.135 [main] INFO  - ************Submitting the form************
10:45:29.227 [main] INFO  - ************Printing the Confirmation Message************
10:45:31.249 [main] INFO  - ************Choosing occasion as Anniversary/Birthday************
10:45:31.455 [main] INFO  - ************Entering amount as 1000***********
10:45:32.059 [main] INFO  - ************Filling the details in the form***********
10:45:39.051 [main] INFO  - ************Submitting the form************
10:45:39.457 [main] INFO  - ************Printing the Confirmation Message************
10:47:34.831 [main] INFO  - --------------The home page of the website--------------
10:47:34.968 [main] INFO  - --------------Goto to search box-->Search for Bookshelves..-------------- 
10:47:38.083 [main] INFO  - --------------Navigating to the result page--------------
10:47:41.008 [main] INFO  - --------------Choosing category as Bookshelves--------------
10:47:46.828 [main] INFO  - --------------Choosing the price range as 608-9222--------------
10:48:12.587 [main] INFO  - --------------Title of the page--------------
10:48:12.769 [main] INFO  - --------------Clicking the living menu--------------
10:48:15.807 [main] INFO  - --------------The list of sub-menu available under the living option--------------
10:48:15.811 [main] INFO  - --------------Option-1--------------
10:48:18.360 [main] INFO  - --------------Option-2--------------
10:48:18.528 [main] INFO  - --------------Option-3--------------
10:48:41.301 [main] INFO  - --------------The home page of the website--------------
10:48:41.389 [main] INFO  - --------------Clicking the gift card option--------------
10:48:51.661 [main] INFO  - --------------Choosing Birthday/Anniversary as occasion--------------
10:48:52.596 [main] INFO  - --------------Entering the amount in the amount text--------------
10:48:53.344 [main] INFO  - -------------Checking the button is enabled or not--------------
10:49:13.073 [main] INFO  - --------------The home page of the website--------------
10:49:13.113 [main] INFO  - --------------Clicking the gift card option--------------
10:49:19.034 [main] INFO  - --------------Choosing Birthday/Anniversary as occasion--------------
10:49:19.265 [main] INFO  - --------------Entering the amount in the amount text--------------
10:49:19.806 [main] INFO  - -------------Checking the button is enabled or not--------------
10:49:35.186 [main] INFO  - --------------The home page of the website--------------
10:49:35.863 [main] INFO  - --------------Clicking the gift card option--------------
10:49:42.326 [main] INFO  - --------------Choosing Birthday/Anniversary as occasion--------------
10:49:42.609 [main] INFO  - --------------Entering the amount in the amount text--------------
10:49:45.164 [main] INFO  - -------------Checking the button is enabled or not--------------
10:50:02.864 [main] INFO  - --------------Home page--------------
10:50:02.882 [main] INFO  - --------------Clicking the gift card option--------------
10:50:44.982 [main] INFO  - --------------Home page--------------
10:50:44.986 [main] INFO  - --------------Clicking the gift card option--------------
10:51:56.843 [main] INFO  - --------------Home page--------------
10:51:56.848 [main] INFO  - --------------Clicking the gift card option--------------
10:52:53.947 [main] INFO  - --------------Home page--------------
10:52:53.953 [main] INFO  - --------------Clicking the gift card option--------------
11:00:28.075 [main] INFO  - --------------The home page of the website--------------
11:02:07.019 [main] INFO  - --------------The home page of the website--------------
11:02:07.179 [main] INFO  - --------------Goto to search box-->Search for Bookshelves..-------------- 
11:02:09.559 [main] INFO  - --------------Navigating to the result page--------------
11:02:13.044 [main] INFO  - --------------Choosing category as Bookshelves--------------
11:02:18.783 [main] INFO  - --------------Choosing the price range as 608-9222--------------
11:02:29.709 [main] INFO  - --------------Excluding out of stock--------------
11:02:31.562 [main] INFO  - --------------Sorting the product as High to low--------------
11:02:38.203 [main] INFO  - --------------The top three bookshelve's name and price--------------
11:02:53.682 [main] INFO  - --------------Title of the page--------------
11:02:53.709 [main] INFO  - --------------Clicking the living menu--------------
11:02:57.446 [main] INFO  - --------------The list of sub-menu available under the living option--------------
11:02:57.456 [main] INFO  - --------------Option-1--------------
11:02:59.788 [main] INFO  - --------------Option-2--------------
11:02:59.876 [main] INFO  - --------------Option-3--------------
11:03:18.436 [main] INFO  - --------------The home page of the website--------------
11:03:18.470 [main] INFO  - --------------Clicking the gift card option--------------
11:04:05.139 [main] INFO  - --------------The home page of the website--------------
11:04:05.292 [main] INFO  - --------------Clicking the gift card option--------------
11:04:53.341 [main] INFO  - --------------The home page of the website--------------
11:04:53.375 [main] INFO  - --------------Clicking the gift card option--------------
11:05:41.057 [main] INFO  - --------------Home page--------------
11:05:41.062 [main] INFO  - --------------Clicking the gift card option--------------
11:06:27.258 [main] INFO  - --------------Home page--------------
11:06:27.268 [main] INFO  - --------------Clicking the gift card option--------------
11:07:12.327 [main] INFO  - --------------Home page--------------
11:07:12.331 [main] INFO  - --------------Clicking the gift card option--------------
11:07:57.525 [main] INFO  - --------------Home page--------------
11:07:57.532 [main] INFO  - --------------Clicking the gift card option--------------
11:11:22.331 [main] INFO  - --------------The home page of the website--------------
11:11:22.416 [main] INFO  - --------------Goto to search box-->Search for Bookshelves..-------------- 
11:11:24.944 [main] INFO  - --------------Navigating to the result page--------------
11:11:28.433 [main] INFO  - --------------Choosing category as Bookshelves--------------
11:11:34.158 [main] INFO  - --------------Choosing the price range as 608-9222--------------
11:11:45.015 [main] INFO  - --------------Excluding out of stock--------------
11:11:46.212 [main] INFO  - --------------Sorting the product as High to low--------------
11:11:52.882 [main] INFO  - --------------The top three bookshelve's name and price--------------
11:12:09.450 [main] INFO  - --------------Title of the page--------------
11:12:09.497 [main] INFO  - --------------Clicking the living menu--------------
11:12:11.867 [main] INFO  - --------------The list of sub-menu available under the living option--------------
11:12:11.872 [main] INFO  - --------------Option-1--------------
11:12:14.203 [main] INFO  - --------------Option-2--------------
11:12:14.313 [main] INFO  - --------------Option-3--------------
11:12:29.909 [main] INFO  - --------------The home page of the website--------------
11:12:29.983 [main] INFO  - --------------Clicking the gift card option--------------
11:13:16.639 [main] INFO  - --------------The home page of the website--------------
11:13:16.753 [main] INFO  - --------------Clicking the gift card option--------------
11:14:00.677 [main] INFO  - --------------The home page of the website--------------
11:14:00.751 [main] INFO  - --------------Clicking the gift card option--------------
11:15:49.874 [main] INFO  - --------------Home page--------------
11:15:49.891 [main] INFO  - --------------Clicking the gift card option--------------
16:39:42.332 [main] INFO  - ************Starts searching with empty string************
16:40:26.250 [main] INFO  - ************No result found for empty string************
16:40:26.911 [main] INFO  - ************Starts searching************
16:40:32.749 [main] INFO  - ************Choosing category as Bookshelves************
16:40:38.451 [main] INFO  - ************Choosing price range below 15000************
16:40:49.272 [main] INFO  - ************Excluding out of stock************
16:40:50.431 [main] INFO  - ************sorting as high to low************
16:40:56.969 [main] INFO  - ************TOP 3 Bookshelves************
16:40:57.347 [main] INFO  - ************Sub menu 1************
16:40:59.540 [main] INFO  - ************Sub menu 2************
16:40:59.600 [main] INFO  - ************Sub menu 3************
16:41:17.194 [main] INFO  - ************Choosing occasion as Anniversary/Birthday************
16:41:17.401 [main] INFO  - ************Entering amount as 1000***********
16:41:20.026 [main] INFO  - ************Choosing occasion as Anniversary/Birthday************
16:41:20.193 [main] INFO  - ************Entering amount as 1000***********
16:41:27.144 [main] INFO  - ************Choosing occasion as Anniversary/Birthday************
16:41:27.287 [main] INFO  - ************Entering amount as 1000***********
16:41:32.711 [main] INFO  - ************Choosing occasion as Anniversary/Birthday************
16:41:32.872 [main] INFO  - ************Entering amount as 1000***********
16:41:33.423 [main] INFO  - ************Filling the details in the form***********
16:41:40.499 [main] INFO  - ************Submitting the form************
16:41:40.811 [main] INFO  - ************Printing the Confirmation Message************
16:41:43.292 [main] INFO  - ************Choosing occasion as Anniversary/Birthday************
16:41:43.434 [main] INFO  - ************Entering amount as 1000***********
16:41:43.954 [main] INFO  - ************Filling the details in the form***********
16:41:50.743 [main] INFO  - ************Submitting the form************
16:41:50.991 [main] INFO  - ************Printing the Confirmation Message************
16:41:53.568 [main] INFO  - ************Choosing occasion as Anniversary/Birthday************
16:41:53.721 [main] INFO  - ************Entering amount as 1000***********
16:41:54.179 [main] INFO  - ************Filling the details in the form***********
16:42:00.671 [main] INFO  - ************Submitting the form************
16:42:00.753 [main] INFO  - ************Printing the Confirmation Message************
16:42:15.745 [main] INFO  - ************Choosing occasion as Anniversary/Birthday************
16:42:15.955 [main] INFO  - ************Entering amount as 1000***********
16:42:16.410 [main] INFO  - ************Filling the details in the form***********
16:42:23.082 [main] INFO  - ************Submitting the form************
16:42:23.392 [main] INFO  - ************Printing the Confirmation Message************
